<?xml version="1.0" encoding="UTF-8"?>
<!-- Generated by org.testng.reporters.JUnitReportReporter -->
<testsuite hostname="DESKTOP-RR59EM6" name="demo.orangehrmlive" tests="1" failures="0" timestamp="17 Apr 2020 21:15:24 GMT" time="14.502" errors="0">
  <testcase name="test1" time="14.502" classname="demo.orangehrmlive"/>
</testsuite> <!-- demo.orangehrmlive -->
