<?xml version="1.0" encoding="UTF-8"?>
<!-- Generated by org.testng.reporters.JUnitReportReporter -->
<testsuite hostname="DESKTOP-RR59EM6" name="test.Testng_demo" tests="1" failures="0" timestamp="10 Apr 2020 14:53:43 GMT" time="7.680" errors="0">
  <testcase name="google_search" time="7.680" classname="test.Testng_demo"/>
</testsuite> <!-- test.Testng_demo -->
