<?xml version="1.0" encoding="UTF-8"?>
<!-- Generated by org.testng.reporters.JUnitReportReporter -->
<testsuite hostname="DESKTOP-RR59EM6" name="test.ExtentReports_usingt_testng" tests="1" failures="0" timestamp="1 May 2020 04:31:04 GMT" time="3.092" errors="0">
  <testcase name="test1" time="3.092" classname="test.ExtentReports_usingt_testng"/>
</testsuite> <!-- test.ExtentReports_usingt_testng -->
