<?xml version="1.0" encoding="UTF-8"?>
<!-- Generated by org.testng.reporters.JUnitReportReporter -->
<testsuite hostname="DESKTOP-RR59EM6" name="demo.Testng_Dependency_demo" tests="4" failures="0" timestamp="17 Apr 2020 13:53:54 GMT" time="0.018" errors="0">
  <testcase name="test1" time="0.002" classname="demo.Testng_Dependency_demo"/>
  <testcase name="test4" time="0.002" classname="demo.Testng_Dependency_demo"/>
  <testcase name="test3" time="0.001" classname="demo.Testng_Dependency_demo"/>
  <testcase name="test2" time="0.013" classname="demo.Testng_Dependency_demo"/>
</testsuite> <!-- demo.Testng_Dependency_demo -->
