<?xml version="1.0" encoding="UTF-8"?>
<!-- Generated by org.testng.reporters.JUnitReportReporter -->
<testsuite hostname="DESKTOP-RR59EM6" name="demo.Testng_Ignore_demo" tests="1" failures="0" timestamp="17 Apr 2020 14:21:12 GMT" time="0.015" errors="0">
  <testcase name="test2" time="0.015" classname="demo.Testng_Ignore_demo"/>
</testsuite> <!-- demo.Testng_Ignore_demo -->
