<?xml version="1.0" encoding="UTF-8"?>
<!-- Generated by org.testng.reporters.JUnitReportReporter -->
<testsuite hostname="DESKTOP-RR59EM6" name="demo.TestngPriority" tests="3" failures="0" timestamp="14 Apr 2020 18:52:55 GMT" time="0.029" errors="0">
  <testcase name="Two" time="0.002" classname="demo.TestngPriority"/>
  <testcase name="Three" time="0.003" classname="demo.TestngPriority"/>
  <testcase name="one" time="0.024" classname="demo.TestngPriority"/>
</testsuite> <!-- demo.TestngPriority -->
