<?xml version="1.0" encoding="UTF-8"?>
<!-- Generated by org.testng.reporters.JUnitReportReporter -->
<testsuite hostname="DESKTOP-RR59EM6" name="test.Testng_demo2" tests="1" failures="0" timestamp="8 Apr 2020 19:07:13 GMT" time="9.372" errors="0">
  <testcase name="google_search2" time="9.372" classname="test.Testng_demo2"/>
</testsuite> <!-- test.Testng_demo2 -->
