<?xml version="1.0" encoding="UTF-8"?>
<!-- Generated by org.testng.reporters.JUnitReportReporter -->
<testsuite hostname="DESKTOP-RR59EM6" name="demo.Testng_grouping_demo" tests="5" failures="0" timestamp="1 May 2020 04:29:54 GMT" time="0.055" errors="0">
  <testcase name="test4" time="0.000" classname="demo.Testng_grouping_demo"/>
  <testcase name="test2" time="0.010" classname="demo.Testng_grouping_demo"/>
  <testcase name="test1" time="0.040" classname="demo.Testng_grouping_demo"/>
  <testcase name="test3" time="0.004" classname="demo.Testng_grouping_demo"/>
  <testcase name="test5" time="0.001" classname="demo.Testng_grouping_demo"/>
</testsuite> <!-- demo.Testng_grouping_demo -->
